2024-06-22 18:30:01 - Received 30.00000000 DOGE from DSoMqyXmBabA5begvyUwsRJRVFKn9xo4P6 in transaction 57162405b6567ffd3ecd8d7d81ad17d2a155b9ce397092df513838273717d760
2024-06-22 18:38:48 - Received 10.00000000 DOGE from DEpFirPqu8DZUoCT7zEzGZs74JPTCF3ZMJ in transaction af4d466f1f149a606cde9024dc82cdf1056aa3656a2f9c81f6de19cbb44fd1a0
2024-06-22 18:43:50 - Received 10.00000000 DOGE from DEXKkt6KVzowBHa2TQkkrh1wZ2EJvhwz2V in transaction 9292a51d1d413a3a01705710aa56e3d25acc819b8c764c5c386fd7bab31ebb21
2024-06-22 18:53:22 - Received 10.00000000 DOGE from DU8PRVnRQ3fkKY7qYe9K7XA97xsKjrnZip in transaction 76e0e6b37d143cd9b8cdd4f85da57f39fb6230e3d1b222535ea552fe9bba50a8
2024-06-22 18:57:22 - Received 10.00000000 DOGE from DBRZV4DPUNstCozZrQ1XjnsJNLXqXYXGgj in transaction 091dfc9f5c8ecf2775e6075f088a411eec479256d71ccf3e51eb30c4e4dad24c
2024-06-22 18:59:24 - Received 222.00000000 DOGE from DBpLvNcR1Zj8B6dKJp4n3XEAT4FmRxbnJb in transaction 087a78874d37352fe9f09a5ac824972ccde9c188b9ada814068cb849aa2e2821
2024-06-22 19:03:55 - Received 10.00000000 DOGE from DAm6cvpgjcvev1NJVeRRGEkVorNfYYfA8z in transaction 8f49a7b1f75ff6e3e14b82408479c6c274fbeeb80ecab17cb1bacc3c4efa59c0
2024-06-22 19:09:57 - Received 100.00000000 DOGE from DU8PRVnRQ3fkKY7qYe9K7XA97xsKjrnZip in transaction d4fdc6a45f0019815baa569355c58a6f8673b0ebfe6e8b7638d9cf8d4cbaeede
2024-06-22 19:10:58 - Received 10.00000000 DOGE from D9YNGgtuTsLXq3R4FrTj9KjyfPHt3eYDdz in transaction 1f1db3bd5e220a0f6bca643654560fdf08e9df4dc3d234dca34016fc259810aa
2024-06-22 19:11:58 - Received 10.00000000 DOGE from DJEzrd5d99rZYx7keu2zH8Mb2jmzWV6HGJ in transaction 2b5281175cec72fc7a462b7a79058f03477dd7205c6a351b6eb5f7209dd3f97e
2024-06-22 19:26:08 - Received 10.00000000 DOGE from DM2hMWDPXUo9gV8iux3raojPzZxFsor1df in transaction 803fa7f3a7b065aa6e19195ea2cc1b9db9ea55c68fd2121eb406e5fa37dcfc82
2024-06-22 19:26:08 - Received 10.00000000 DOGE from DT4nZj4Fyj1bRSYwE3K5SmnX47F58Du8iw in transaction 5c603d63343d9489ae1d83006652f722c441d5ad8f7cb49266a8f334966be9a5
2024-06-22 19:33:40 - Received 10.00000000 DOGE from DCnjr2hM8VBZ7Xt4Gf8ynAsvwdxEYZsn95 in transaction b0aa6c6fd8a38ffc35effd0524a87a437f8be414045e8b4023b45d6516240d18
2024-06-22 19:34:41 - Received 10.00000000 DOGE from DL1Ff5cfRAAjaUwxesm5fwtAKbDqBM6woU in transaction 3d26b42d8e8d8457065b6656860c4f526ec3d92541b5ed44c5b40186c0a7bf48
2024-06-22 19:35:11 - Received 10.00000000 DOGE from DLFkvQf2La1jYzxHd6V4VskVhbPtx3K6aq in transaction 8e4d6424188585f42711a0f3fb30fa8b28a91780de57797dabe2dfb80c47e17e
2024-06-22 19:38:42 - Received 10.00000000 DOGE from D86siRKxCGKJdejMKyUjESNGVydP6oTYrK in transaction fda421f3c4135d145f915e61902f4029afd1cce3230915e0269caac0949086cf
2024-06-22 19:41:13 - Received 50.00000000 DOGE from DKg3fTRfoMNed9mahJiQpAPMTfvYH6Nzr4 in transaction dbfb0e01bff765c68b67b622b53d881e7c3e2b34c9a6380289b188f7c0681194
2024-06-22 19:46:44 - Received 10.00000000 DOGE from DSSmtkgJpASxMonX7iRGTtCpbkgWp8NaYQ in transaction ee86f9b678ae135cfc326530a17f61205bcef5de65b38df03b6d2b39c739a9b9
2024-06-22 19:49:45 - Received 10.00000000 DOGE from DEkVDqjBiR1JX1dvJdMHtJ4nxagYGGd1v1 in transaction 2ca6d7bcaa606f7e22bd03c1d4ee8f5a4e037bca9069a70e6a4994dc9c2558fe
2024-06-22 19:50:16 - Received 10.00000000 DOGE from D7dSKc2VrDu9rQvDr2taPRVqRVPpiFYYHu in transaction 0b08c15088c08bbb6113cf3abbeb0aa8bd7b2af59b97084dec9307a47aea81b9
2024-06-22 19:50:46 - Received 10.00000000 DOGE from D9YNGgtuTsLXq3R4FrTj9KjyfPHt3eYDdz in transaction a74d2dc0bd0f996bea2f762573a6f5b6f2498d8da4b2bb8a5790f55e6fd5d13d
2024-06-22 20:04:00 - Received 10.00000000 DOGE from DRgoyavAF6TH6xsW7RzsvPkDkxjXg78gKk in transaction c9252526902051441a1bc45a82e8c2cec6d3cd65e4ffbd32d076c5edbb123cf6
2024-06-22 20:05:31 - Received 10.00000000 DOGE from DRvBw5XgYJc7kjJ1cPTG9koFZccxgFhvQ2 in transaction 0a78f5c194c7c288e2f1fe1f3829be29fd4dea57b4231a4a244e2bf082fed78e
2024-06-22 20:13:09 - Received 10.00000000 DOGE from DMAE5q63k5tovgmdrTst7dHJx6FdtUyYTR in transaction d70c14f344bd067a2745f317f0bca1ed2d729768bded5e9b041b43d0b47c5568
2024-06-22 20:13:39 - Received 0.00100000 DOGE from A9VSnfMtG4SLgofaX59ti1hYcJ1hrsHZVX in transaction c046d0cde5168729ee4fff7061709ed17b6694580c01d2e6e61c86d4e07a1299
2024-06-22 22:06:28 - Received 10.00000000 DOGE from DCHxodkzaKCLjmnG4LP8uH6NKynmntmCNz in transaction cacfec9d349a50525cab7d6a515889b48262d02f3bcbc5e7e64d81a44493efe6
2024-06-22 23:43:42 - Received 100.00000000 DOGE from DHSvbSz153HucS8mVDRb4D3rVsV4tYg3FV in transaction 44ed89bde9e55533b4a9267ca9b7037c3c0bcb8178ca3c1e0f21805ce1c9b191
2024-06-23 06:37:15 - Received 10.00000000 DOGE from DTTUoaD7aqwk5zTTn37fKWQs6PfgyLr568 in transaction 2de59f71d430cb15a64177a714b0c3ac2e84af3e27a2984f276e0cf5cf8e45c7
2024-06-23 06:42:46 - Received 10.00000000 DOGE from DTTUoaD7aqwk5zTTn37fKWQs6PfgyLr568 in transaction 8a2f5ab425d362ed3a93dc784ea1f6feb736e84bf8cd06c4bb703a956d0d8a99
2024-06-23 08:22:55 - Received 10.00000000 DOGE from DReEJR2PJkqNe7sFhHrBGkroXfqTukdiZ2 in transaction 7462253dcb4b78ff04f876948bc7b75793476fb91915a815cd226fd5eb5aa581
2024-06-23 08:23:15 - Received 0.00100000 DOGE from DReEJR2PJkqNe7sFhHrBGkroXfqTukdiZ2 in transaction a4f21445f733791dd8126028e8f1dd35dc68de014bf386458965f61cdf1e0738
2024-06-23 10:27:09 - Received 0.00100000 DOGE from DKg3fTRfoMNed9mahJiQpAPMTfvYH6Nzr4 in transaction 03f96e1504affb1cefda804a5f3708c7417fed4d581daf914d59b62ca4ac11d8
2024-06-23 10:27:09 - Received 76.00000000 DOGE from DKg3fTRfoMNed9mahJiQpAPMTfvYH6Nzr4 in transaction 03f96e1504affb1cefda804a5f3708c7417fed4d581daf914d59b62ca4ac11d8
2024-06-23 10:27:09 - Received 10.00000000 DOGE from DFpTD4HaiAzLeCTZ8MWx6YCSvxtiPAY9se in transaction 63576074b1e3118c4ee252e0f02a450fddeacc5330e9ab242943248a812ce569
2024-06-23 11:02:22 - Received 10.00000000 DOGE from DQHzmgR23SmX3qhqJTWobtEDiXPHjR971Y in transaction de07c785932f824ce8737c1db8848a38d80af95c6aae777071fcd16783f32c6f
2024-06-23 11:41:16 - Received 10.00000000 DOGE from D6nTdZwEXM7raUVnnx9Z1kMw6XmcZr7S2Z in transaction 1a42e81cf0080bf3aac431f83ea8d19ff4a87826e1a07badedab8cecc24b415e
2024-06-23 13:23:22 - Received 10.00000000 DOGE from DBhVazBBbvmctCxrjSVFTW7GeYnGifbYD4 in transaction 5b9dd0c20f576795c8e63df3d961d71db8511eb1fc589b295d04ac4b6647ef61
2024-06-23 14:30:13 - Received 10.00000000 DOGE from DQAWs4LQKY3zVmorsLHDUCV7LE5ox6rho6 in transaction b0a75c7294d2968625e38038c9b4ae9ac6d0802059fb4a2a6cf128cc6ec7e093
2024-06-23 14:30:13 - Received 10.00000000 DOGE from DQAWs4LQKY3zVmorsLHDUCV7LE5ox6rho6 in transaction 2fbef8b37abff342f88027daab8947ce182ecbef51384cfa099195715f40f8cb
2024-06-23 14:30:13 - Received 10.00000000 DOGE from DQAWs4LQKY3zVmorsLHDUCV7LE5ox6rho6 in transaction ebede9d2a6b6ee8d056bfa46251398d3ce1b6b2af49271fc9472bb3e6ce8562c
2024-06-23 14:30:13 - Received 10.00000000 DOGE from DQAWs4LQKY3zVmorsLHDUCV7LE5ox6rho6 in transaction 6bfe4a088f57a82f58ea45ea93c9e5a32c034b9aa2eafb6472f072055d3ffaf9
2024-06-23 16:59:36 - Received 0.00100000 DOGE from 9xmn422XQ6wh6XjQZaMk3AbDoioaBHiNag in transaction a27c4435af915830c44ee46ab1e5a11fc1bc6058b9b704be0bb1a1d13d244c67
2024-06-23 17:26:23 - Received 10.00000000 DOGE from DLxSLKaJWdwA3oZLMGLaJQbZaLpe9oMiia in transaction de106b3f0bddaa4f17cb12fe4d9d43dbbd8eb6796b188b288bafa6eac2c4c2bb
2024-06-23 17:59:09 - Received 20.00000000 DOGE from DB8AjA7NCgxsdAgFk6MEj43cGoHyGp8PNr in transaction 30353b334a58d6b6f82651321aa18389f04feb957ffebfdb91cfc35a45f444eb
2024-06-23 18:47:50 - Received 59.00000000 DOGE from DGEAFxtKSokzvotiq8fJv3z7VKZkpwjii5 in transaction 96ae2b52ec7de0477c1ed696546ff6955390beeed47f92f1ea7cddd79918d63c
2024-06-23 19:19:35 - Received 70.00000000 DOGE from DL4a1bDcYqEd9QBNxzNkfHdPtjCiVqJEoG in transaction 4326901a2c8320b25912525d7450ff22859efb2032438047392964a63b9c460a
2024-06-23 02:56:21 - Received 130.0 DOGE from DBpLvNcR1Zj8B6dKJp4n3XEAT4FmRxbnJb in transaction bf0080364b9904706c979837c8d7477afa697d7b6138028eb3d8c9798b16c2d1
2024-06-23 03:28:01 - Received 50.0 DOGE from DCHzLBV7TUL78gdyYfHXa8zeUXnKANmuxU in transaction 1405d649e9ca7c2cc2ba6481d249a543fdf1f5b2a215b5074ce52349c8e85210
2024-06-24 02:27:04 - Received 40.0 DOGE from D8xUTErFCB4oi1yCNcKcGzm1WxxaC8iMxR in transaction 10ce7fc7aca137808ff20d385e9a627094a66f7e9a9ad4ed0cacba246c43a0b9
2024-06-24 02:48:39 - Received 2.4550726 DOGE from DCHxodkzaKCLjmnG4LP8uH6NKynmntmCNz in transaction 40fd0b21b3070705eb977d4135dc41a7da7ba8fd6a86852244fd703538080c1d
2024-06-24 10:52:45 - Received 31.0 DOGE from DDwPZVz1TRn9gAcXoFP2XuryvW72kyDZqq in transaction 2bf4caaa4296e9c66e371274e856314b10d3fca4e6f1b5a2194b84fcc974d35c
2024-06-24 16:43:37 - Received 2.0704858 DOGE from DCHxodkzaKCLjmnG4LP8uH6NKynmntmCNz in transaction 32f3fb586fc1896b286e3202712f527e10a9251e1f8154114e1503d8d2211546
2024-06-24 16:43:37 - Received 0.8431108 DOGE from DCHxodkzaKCLjmnG4LP8uH6NKynmntmCNz in transaction 88ed910e34ec32150b593c5b45f23baca1abcf53bcfb4e3d54cc1f36e05d4044
2024-06-24 19:12:17 - Received 10.0 DOGE from DCHxodkzaKCLjmnG4LP8uH6NKynmntmCNz in transaction f2ebd9e3297489f057212588ffacdfc885fdd39978178e9ce685807732930059
2024-06-24 19:18:14 - Received 10.0 DOGE from DCHxodkzaKCLjmnG4LP8uH6NKynmntmCNz in transaction 7f79d6fd7e8f7c994b2c8692b5ef1d244b6c53316f4fc11f0981bfa28672f931
2024-06-23 01:45:00 - Received 1.0 DOGE from DBpLvNcR1Zj8B6dKJp4n3XEAT4FmRxbnJb in transaction 34961038cac464eca2dc3068f3707879d79a83f4c8312ca074e71b43441aaa4a
2024-06-23 02:05:41 - Received 10.0 DOGE from DDwPZVz1TRn9gAcXoFP2XuryvW72kyDZqq in transaction d1327f80152036014eb0115351a75a30b76f542a29961cfe7255e252329fae6e2024-06-24 22:33:30 - Received 10.0 DOGE from DCHxodkzaKCLjmnG4LP8uH6NKynmntmCNz in transaction dd62c45c4a4b8cb10bd42d12264b5aede3d7837513eabfe7cec4a3bbe50471d8
2024-06-24 22:40:57 - Received 10.0 DOGE from DCHxodkzaKCLjmnG4LP8uH6NKynmntmCNz in transaction 8a3059eee5ec8c28702bb5bf93494d575bcfee3c40e58ea6c1553af1026e713b
2024-06-24 22:40:57 - Received 10.0 DOGE from DCHxodkzaKCLjmnG4LP8uH6NKynmntmCNz in transaction d98f0f8cbe8df997f6f9bd4d7f0519d8579f5d91903a75495c26084b79565890
2024-06-24 22:58:57 - Received 10.0 DOGE from DCHxodkzaKCLjmnG4LP8uH6NKynmntmCNz in transaction c913f7e16749a0445af130d4495380bdfe2eb8860c14663e28dca0b8fa9a6415
2024-06-24 18:06:54 - Received 30.0 DOGE from DCHxodkzaKCLjmnG4LP8uH6NKynmntmCNz in transaction 69aff9239d0f97126534f1e660ae1aab014510fdf4a10a066f7986c3e2cbf6ec
2024-06-24 23:12:11 - Received 30.0 DOGE from DCHxodkzaKCLjmnG4LP8uH6NKynmntmCNz in transaction 47fe5912a7a6dbd3540519548c61e3122c74250d2d5ffcedf3a72ceb7ff2cc06
2024-06-24 23:23:19 - Received 10.0 DOGE from DCHxodkzaKCLjmnG4LP8uH6NKynmntmCNz in transaction c514f68c6265b35de1b92ffe5b4469026812b3cc1dbbe15dc8b85e7d1e21a32c
2024-06-24 23:27:19 - Received 10.0 DOGE from DCHxodkzaKCLjmnG4LP8uH6NKynmntmCNz in transaction 8cd928968d90dcfc09aa868f090c6a8f94eea8946c5d1f77bf799f1139e66c9b
2024-06-24 23:27:19 - Received 10.0 DOGE from DCHxodkzaKCLjmnG4LP8uH6NKynmntmCNz in transaction d47144a96ab562e5d432514da4a13c61b6d41b86cbe22ef30b41343b3167e512
2024-06-24 23:29:54 - Received 20.0 DOGE from DDwPZVz1TRn9gAcXoFP2XuryvW72kyDZqq in transaction 10013e2d4697ca91f8cd410e7edf6af47be9f45a013666231055b79a284e387a
2024-06-24 23:31:14 - Received 10.0 DOGE from DCHxodkzaKCLjmnG4LP8uH6NKynmntmCNz in transaction 440c22bc1b83974fbf60f71f1e178854ec2697b59d398fbfda773d074dea8e7b
2024-06-24 23:35:13 - Received 20.0 DOGE from DCHxodkzaKCLjmnG4LP8uH6NKynmntmCNz in transaction 78570f349b24cbebfb3ad2966ad53e8d84cdc1c207510892991866a0d33d33b6
2024-06-24 23:35:13 - Received 10.0 DOGE from DCHxodkzaKCLjmnG4LP8uH6NKynmntmCNz in transaction 07476ca34c4ca47f8e92bbb1026553bd066d4b4036bc59affc790887863842a3
2024-06-24 23:43:07 - Received 0.001 DOGE from A9VSnfMtG4SLgofaX59ti1hYcJ1hrsHZVX in transaction db423c67766af246cbbda70611fa11917d339f79e83d854887b1f8d9f8636fdd
2024-06-24 23:43:07 - Received 0.001 DOGE from A9VSnfMtG4SLgofaX59ti1hYcJ1hrsHZVX in transaction fc9fc85b1c0e0cab8469317c8ec08c355fa05d7758bb86f2cc571bf114abf3f8
2024-06-24 23:59:36 - Received 10.0 DOGE from DCHxodkzaKCLjmnG4LP8uH6NKynmntmCNz in transaction cee88d0c704c88628cce163537f7b0d7fc0386e56d7de9fb3305966b1eeba612
2024-06-25 00:05:11 - Received 30.0 DOGE from DCHxodkzaKCLjmnG4LP8uH6NKynmntmCNz in transaction dc3e8ef420c2f83336cae02b0135605a19d8cc130b3b8eff562e14cb4c8c1168
2024-06-25 01:20:09 - Received 20.0 DOGE from D9YNGgtuTsLXq3R4FrTj9KjyfPHt3eYDdz in transaction a46a24de3ee2846ab1502faf52a50ebb1a608516ff6fadad0f791a91a3997c57
2024-06-24 20:52:56 - Received 30.0 DOGE from DDwPZVz1TRn9gAcXoFP2XuryvW72kyDZqq in transaction 9f7db5d3dabc581bf0165dcf865cdaae6bc9cadeb706b42bed4e856d35969e1f
2024-06-25 01:53:35 - Received 0.001 DOGE from A9VSnfMtG4SLgofaX59ti1hYcJ1hrsHZVX in transaction 64a69cf5f857496307489ea1e023840e30f923c83e1d69b7c2618dce97b82fcc
2024-06-25 01:53:35 - Received 0.001 DOGE from A9VSnfMtG4SLgofaX59ti1hYcJ1hrsHZVX in transaction f7caf73bafbb9748bdb17e07e84299125f4c1cb30fc01ccf8c38ff433326111f
2024-06-25 01:53:35 - Received 0.001 DOGE from A9VSnfMtG4SLgofaX59ti1hYcJ1hrsHZVX in transaction 2591dce1db40920481848cb93ad1a02d9e07c71affef00ef316abaee0e9408c4
2024-06-24 21:17:58 - Received 10.0 DOGE from DDwPZVz1TRn9gAcXoFP2XuryvW72kyDZqq in transaction 9434a516dcb02f2c5693a8cf4b626b124ea618d4de197979f4b28fd15248b6bf
2024-06-24 21:17:58 - Received 40.0 DOGE from D9s632siWQD4bT9FjGyGDazMBZMFyAevyY in transaction 48f419e75fa9742d36f21878b9c38e007a63da1e676f2ac1198e0a251e523644
2024-06-25 02:19:12 - Received 0.001 DOGE from A9VSnfMtG4SLgofaX59ti1hYcJ1hrsHZVX in transaction 8b792e7873877af40b3c38277bc3ab057439fa85a09da84ea0e0860e1f73fd12
2024-06-25 09:13:46 - Received 30.0 DOGE from DDXViZiJBHyXfzpbR2pTCHmeTfSv6sdEhr in transaction 7812c3382f3785cfcfff094b706500749832a5af616f8f10ee5daf8e6268221b
2024-06-25 16:56:57 - Received 10.0 DOGE from DDwPZVz1TRn9gAcXoFP2XuryvW72kyDZqq in transaction c20be9c960531627a64a92fa879123731d7d2762813595b00469474a08e36413
2024-06-25 16:59:00 - Received 0.001 DOGE from A9VSnfMtG4SLgofaX59ti1hYcJ1hrsHZVX in transaction dd4f569103db4d0303a88db94f3d2bb14084c1ff06e808ddf791b167a1424d54
2024-06-25 17:25:26 - Received 0.001 DOGE from DCHxodkzaKCLjmnG4LP8uH6NKynmntmCNz in transaction 098060678ad6c41cdc909871518c5319037b9ea9e006064766f30a2bcdf54d84
2024-06-25 19:29:23 - Received 0.001 DOGE from DCHxodkzaKCLjmnG4LP8uH6NKynmntmCNz in transaction 43f0abff6a179dc732dddfdadcc53df2c93da7df644f161be37e20fa5769d034
2024-06-25 19:30:02 - Received 0.001 DOGE from DCHxodkzaKCLjmnG4LP8uH6NKynmntmCNz in transaction 805fe312915e76a378a472ec0aee8a0a0ed1fb9fc5b0cd05ddae62145d5c9d73
2024-06-25 21:50:17 - Received 1.0 DOGE from DCHxodkzaKCLjmnG4LP8uH6NKynmntmCNz in transaction 98d86b67ee04ffd5ea6000f3b92f92d16da4ee3a8db1dab4192df057c0e6bb01
2024-06-25 17:47:48 - Received 1.0 DOGE from DCHxodkzaKCLjmnG4LP8uH6NKynmntmCNz in transaction 4547943b7e2318251fa55dc8754c54182a0b708c96d9965cdc9b8870c4d1f713
2024-06-25 18:22:53 - Received 0.001 DOGE from DCHxodkzaKCLjmnG4LP8uH6NKynmntmCNz in transaction 8c5f3b4a9129a284859751461488193847bfe0c18405c3072e116108ed9c5fa9
2024-06-26 00:21:20 - Received 10.0 DOGE from DDwPZVz1TRn9gAcXoFP2XuryvW72kyDZqq in transaction 909141daea2726160fadc17bf6e88dc3a2bc63dcfd0b01186895112e408aaa48
2024-06-26 00:22:06 - Received 10.0 DOGE from DDwPZVz1TRn9gAcXoFP2XuryvW72kyDZqq in transaction c81a12c9d8b13982e204b23598d3e02ebf6015669a5651e88a6b5bb9d9c720dd
2024-06-26 00:23:53 - Received 0.001 DOGE from A9VSnfMtG4SLgofaX59ti1hYcJ1hrsHZVX in transaction b85b3d395864ffd5ebf30a465c2c26d09203651da7365ac0813fc63f76ae6ca7
2024-06-26 00:23:53 - Received 0.001 DOGE from A9VSnfMtG4SLgofaX59ti1hYcJ1hrsHZVX in transaction 039c4e3b096d754a3eb45c84dc7257b944c785c027a3c45874ee36808519c482
2024-06-25 21:03:13 - Received 10.0 DOGE from DDwPZVz1TRn9gAcXoFP2XuryvW72kyDZqq in transaction 810dd3e2ba31316ae54794285c6503931a7301b6eed38c3ce1815671456f6067
2024-06-25 21:08:14 - Received 0.001 DOGE from A9VSnfMtG4SLgofaX59ti1hYcJ1hrsHZVX in transaction 03e71e7c58348f294f56b3c87b1d06fa456ccc20030ee4fd60ba3ff486b76e4d
2024-06-25 21:13:15 - Received 0.001 DOGE from DCHxodkzaKCLjmnG4LP8uH6NKynmntmCNz in transaction 63def3c21d14f16690d8b72d43e09d8aa191d3fbb7b756463ae75468d3ab73df

